-------------------------------------------------------------------------------
Test set: testing.TestFareCalculator
-------------------------------------------------------------------------------
Tests run: 4, Failures: 1, Errors: 0, Skipped: 0, Time elapsed: 0.035 s <<< FAILURE! - in testing.TestFareCalculator
testBook  Time elapsed: 0 s  <<< FAILURE!
java.lang.AssertionError: expected:<90000.0> but was:<40000.0>
	at testing.TestFareCalculator.testBook(TestFareCalculator.java:27)

